[debug] [2023-11-19T15:05:45.002Z] ----------------------------------------------------------------------
[debug] [2023-11-19T15:05:45.004Z] Command:       /Users/genta/.nodebrew/node/v16.13.1/bin/node /Users/genta/.nodebrew/current/bin/firebase projects:list
[debug] [2023-11-19T15:05:45.005Z] CLI Version:   12.9.1
[debug] [2023-11-19T15:05:45.005Z] Platform:      darwin
[debug] [2023-11-19T15:05:45.005Z] Node Version:  v16.13.1
[debug] [2023-11-19T15:05:45.006Z] Time:          Mon Nov 20 2023 00:05:45 GMT+0900 (Japan Standard Time)
[debug] [2023-11-19T15:05:45.006Z] ----------------------------------------------------------------------
[debug] 
[debug] [2023-11-19T15:05:45.012Z] > command requires scopes: ["email","openid","https://www.googleapis.com/auth/cloudplatformprojects.readonly","https://www.googleapis.com/auth/firebase","https://www.googleapis.com/auth/cloud-platform"]
[debug] [2023-11-19T15:05:45.013Z] > authorizing via signed-in user (yasokawag@gmail.com)
[debug] [2023-11-19T15:05:45.017Z] > refreshing access token with scopes: []
[debug] [2023-11-19T15:05:45.019Z] >>> [apiv2][query] POST https://www.googleapis.com/oauth2/v3/token [none]
[debug] [2023-11-19T15:05:45.019Z] >>> [apiv2][body] POST https://www.googleapis.com/oauth2/v3/token [omitted]
[debug] [2023-11-19T15:05:45.358Z] <<< [apiv2][status] POST https://www.googleapis.com/oauth2/v3/token 400
[debug] [2023-11-19T15:05:45.358Z] <<< [apiv2][body] POST https://www.googleapis.com/oauth2/v3/token [omitted]
[debug] [2023-11-19T15:05:45.360Z] >>> [apiv2][query] GET https://firebase.googleapis.com/v1beta1/projects pageSize=1000
[debug] [2023-11-19T15:05:45.793Z] <<< [apiv2][status] GET https://firebase.googleapis.com/v1beta1/projects 401
[debug] [2023-11-19T15:05:45.793Z] <<< [apiv2][body] GET https://firebase.googleapis.com/v1beta1/projects [omitted]
[debug] [2023-11-19T15:05:45.795Z] HTTP Error: 401, Request had invalid authentication credentials. Expected OAuth 2 access token, login cookie or other valid authentication credential. See https://developers.google.com/identity/sign-in/web/devconsole-project.
[debug] [2023-11-19T15:05:46.095Z] FirebaseError: HTTP Error: 401, Request had invalid authentication credentials. Expected OAuth 2 access token, login cookie or other valid authentication credential. See https://developers.google.com/identity/sign-in/web/devconsole-project.
    at responseToError (/Users/genta/.nodebrew/node/v16.13.1/lib/node_modules/firebase-tools/lib/responseToError.js:49:12)
    at RetryOperation._fn (/Users/genta/.nodebrew/node/v16.13.1/lib/node_modules/firebase-tools/lib/apiv2.js:285:77)
    at processTicksAndRejections (node:internal/process/task_queues:96:5)
[error] 
[error] Error: Failed to list Firebase projects. See firebase-debug.log for more info.
